[debug] [2025-11-07T07:01:49.201Z] ----------------------------------------------------------------------
[debug] [2025-11-07T07:01:49.204Z] Command:       /nix/store/ws50yvm6vzlzf7jzz6n7xh4szddrack1-nodejs-20.19.1/bin/node /nix/store/f77kilzcw5hh2gidh22k6pj8cp7pxp7h-firebase-tools-14.22.0/lib/node_modules/firebase-tools/lib/bin/firebase.js init dataconnect
[debug] [2025-11-07T07:01:49.205Z] CLI Version:   14.22.0
[debug] [2025-11-07T07:01:49.205Z] Platform:      linux
[debug] [2025-11-07T07:01:49.205Z] Node Version:  v20.19.1
[debug] [2025-11-07T07:01:49.206Z] Time:          Fri Nov 07 2025 07:01:49 GMT+0000 (Coordinated Universal Time)
[debug] [2025-11-07T07:01:49.206Z] ----------------------------------------------------------------------
[debug] 
[debug] [2025-11-07T07:01:49.213Z] No OAuth tokens found
[debug] [2025-11-07T07:01:49.215Z] No OAuth tokens found
[error] Failed to fetch Firebase Project from current Studio Workspace: Unable to refresh auth: not yet authenticated.
[info] 
     ######## #### ########  ######## ########     ###     ######  ########
     ##        ##  ##     ## ##       ##     ##  ##   ##  ##       ##
     ######    ##  ########  ######   ########  #########  ######  ######
     ##        ##  ##    ##  ##       ##     ## ##     ##       ## ##
     ##       #### ##     ## ######## ########  ##     ##  ######  ########

You're about to initialize a Firebase project in this directory:

  /home/user/hadirkaryawanv2

[info] 
=== Project Setup
[info] 
[info] First, let's associate this project directory with a Firebase project.
[info] You can create multiple project aliases by running firebase use --add, 
[info] 
